<?xml version="1.0" encoding="UTF-8"?>
<coverage generated="1606402611218" clover="3.2.0">
  <project timestamp="1606402611218" name="All files">
    <metrics statements="58" coveredstatements="57" conditionals="24" coveredconditionals="19" methods="12" coveredmethods="12" elements="94" coveredelements="88" complexity="0" loc="58" ncloc="58" packages="1" files="3" classes="3"/>
    <file name="holidays-data.ts" path="/Users/oak/source/npm/chinese-holidays/src/holidays-data.ts">
      <metrics statements="13" coveredstatements="13" conditionals="4" coveredconditionals="3" methods="5" coveredmethods="5"/>
      <line num="1" count="1" type="cond" truecount="2" falsecount="0"/>
      <line num="2" count="1" type="stmt"/>
      <line num="3" count="1" type="stmt"/>
      <line num="4" count="1" type="stmt"/>
      <line num="5" count="1" type="stmt"/>
      <line num="15" count="1" type="stmt"/>
      <line num="16" count="1" type="stmt"/>
      <line num="18" count="1" type="cond" truecount="1" falsecount="1"/>
      <line num="19" count="1" type="stmt"/>
      <line num="22" count="1" type="stmt"/>
      <line num="23" count="527" type="stmt"/>
      <line num="25" count="1" type="stmt"/>
      <line num="26" count="1" type="stmt"/>
    </file>
    <file name="index.ts" path="/Users/oak/source/npm/chinese-holidays/src/index.ts">
      <metrics statements="3" coveredstatements="3" conditionals="0" coveredconditionals="0" methods="0" coveredmethods="0"/>
      <line num="1" count="1" type="stmt"/>
      <line num="2" count="1" type="stmt"/>
      <line num="3" count="1" type="stmt"/>
    </file>
    <file name="util.ts" path="/Users/oak/source/npm/chinese-holidays/src/util.ts">
      <metrics statements="42" coveredstatements="41" conditionals="20" coveredconditionals="16" methods="7" coveredmethods="7"/>
      <line num="1" count="1" type="stmt"/>
      <line num="3" count="1" type="stmt"/>
      <line num="5" count="18" type="cond" truecount="1" falsecount="1"/>
      <line num="6" count="9" type="stmt"/>
      <line num="7" count="9" type="cond" truecount="1" falsecount="1"/>
      <line num="8" count="0" type="stmt"/>
      <line num="10" count="9" type="stmt"/>
      <line num="19" count="9" type="cond" truecount="1" falsecount="1"/>
      <line num="20" count="9" type="stmt"/>
      <line num="25" count="9" type="stmt"/>
      <line num="26" count="63" type="cond" truecount="2" falsecount="0"/>
      <line num="27" count="18" type="stmt"/>
      <line num="33" count="9" type="stmt"/>
      <line num="35" count="1" type="stmt"/>
      <line num="36" count="9" type="cond" truecount="2" falsecount="0"/>
      <line num="38" count="1" type="stmt"/>
      <line num="39" count="9" type="stmt"/>
      <line num="42" count="1" type="stmt"/>
      <line num="43" count="9" type="stmt"/>
      <line num="44" count="9" type="stmt"/>
      <line num="45" count="9" type="stmt"/>
      <line num="49" count="9" type="cond" truecount="2" falsecount="0"/>
      <line num="50" count="3" type="stmt"/>
      <line num="51" count="3" type="stmt"/>
      <line num="53" count="6" type="stmt"/>
      <line num="54" count="6" type="stmt"/>
      <line num="56" count="9" type="stmt"/>
      <line num="57" count="9" type="cond" truecount="2" falsecount="0"/>
      <line num="58" count="3" type="stmt"/>
      <line num="59" count="3" type="stmt"/>
      <line num="60" count="3" type="cond" truecount="2" falsecount="0"/>
      <line num="61" count="1" type="stmt"/>
      <line num="62" count="1" type="stmt"/>
      <line num="65" count="9" type="stmt"/>
      <line num="66" count="9" type="stmt"/>
      <line num="69" count="1" type="stmt"/>
      <line num="70" count="3" type="stmt"/>
      <line num="71" count="3" type="cond" truecount="2" falsecount="0"/>
      <line num="73" count="1" type="stmt"/>
      <line num="74" count="2" type="stmt"/>
      <line num="76" count="1" type="stmt"/>
      <line num="77" count="2" type="stmt"/>
    </file>
  </project>
</coverage>
