{"/Users/oak/source/npm/chinese-holidays/src/holidays-data.ts": {"path":"/Users/oak/source/npm/chinese-holidays/src/holidays-data.ts","statementMap":{"0":{"start":{"line":1,"column":0},"end":{"line":1,"column":null}},"1":{"start":{"line":2,"column":4},"end":{"line":2,"column":null}},"2":{"start":{"line":3,"column":4},"end":{"line":3,"column":null}},"3":{"start":{"line":4,"column":4},"end":{"line":4,"column":null}},"4":{"start":{"line":5,"column":4},"end":{"line":5,"column":null}},"5":{"start":{"line":15,"column":0},"end":{"line":15,"column":13}},"6":{"start":{"line":16,"column":4},"end":{"line":16,"column":null}},"7":{"start":{"line":18,"column":8},"end":{"line":20,"column":null}},"8":{"start":{"line":19,"column":12},"end":{"line":19,"column":null}},"9":{"start":{"line":22,"column":4},"end":{"line":24,"column":null}},"10":{"start":{"line":23,"column":8},"end":{"line":23,"column":null}},"11":{"start":{"line":23,"column":38},"end":{"line":23,"column":54}},"12":{"start":{"line":25,"column":0},"end":{"line":25,"column":null}},"13":{"start":{"line":15,"column":13},"end":{"line":15,"column":25}},"14":{"start":{"line":26,"column":26},"end":{"line":100,"column":null}}},"fnMap":{"0":{"name":"(anonymous_0)","decl":{"start":{"line":1,"column":0},"end":{"line":1,"column":12}},"loc":{"start":{"line":1,"column":19},"end":{"line":6,"column":1}}},"1":{"name":"(anonymous_1)","decl":{"start":{"line":15,"column":0},"end":{"line":15,"column":13}},"loc":{"start":{"line":15,"column":0},"end":{"line":25,"column":null}}},"2":{"name":"HolidaysData","decl":{"start":{"line":17,"column":4},"end":{"line":17,"column":null}},"loc":{"start":{"line":17,"column":4},"end":{"line":21,"column":5}}},"3":{"name":"(anonymous_3)","decl":{"start":{"line":22,"column":4},"end":{"line":22,"column":15}},"loc":{"start":{"line":22,"column":28},"end":{"line":24,"column":5}}},"4":{"name":"(anonymous_4)","decl":{"start":{"line":23,"column":33},"end":{"line":23,"column":34}},"loc":{"start":{"line":23,"column":34},"end":{"line":23,"column":39}}}},"branchMap":{"0":{"loc":{"start":{"line":1,"column":12},"end":{"line":1,"column":19}},"type":"binary-expr","locations":[{"start":{"line":1,"column":12},"end":{"line":1,"column":19}},{"start":{"line":1,"column":12},"end":{"line":1,"column":null}}]},"1":{"loc":{"start":{"line":18,"column":8},"end":{"line":20,"column":null}},"type":"if","locations":[{"start":{"line":18,"column":8},"end":{"line":20,"column":null}},{"start":{"line":18,"column":8},"end":{"line":20,"column":null}}]}},"s":{"0":1,"1":1,"2":1,"3":1,"4":1,"5":1,"6":1,"7":1,"8":1,"9":1,"10":9,"11":527,"12":1,"13":1,"14":1},"f":{"0":1,"1":1,"2":1,"3":9,"4":527},"b":{"0":[1,1],"1":[1,0]}}
,"/Users/oak/source/npm/chinese-holidays/src/index.ts": {"path":"/Users/oak/source/npm/chinese-holidays/src/index.ts","statementMap":{"0":{"start":{"line":1,"column":0},"end":{"line":1,"column":80}},"1":{"start":{"line":2,"column":0},"end":{"line":2,"column":22}},"2":{"start":{"line":3,"column":0},"end":{"line":8,"column":null}}},"fnMap":{},"branchMap":{},"s":{"0":1,"1":1,"2":1},"f":{},"b":{}}
,"/Users/oak/source/npm/chinese-holidays/src/util.ts": {"path":"/Users/oak/source/npm/chinese-holidays/src/util.ts","statementMap":{"0":{"start":{"line":1,"column":0},"end":{"line":1,"column":55}},"1":{"start":{"line":3,"column":17},"end":{"line":3,"column":35}},"2":{"start":{"line":5,"column":19},"end":{"line":34,"column":1}},"3":{"start":{"line":5,"column":50},"end":{"line":5,"column":null}},"4":{"start":{"line":6,"column":14},"end":{"line":6,"column":28}},"5":{"start":{"line":7,"column":4},"end":{"line":9,"column":null}},"6":{"start":{"line":8,"column":8},"end":{"line":8,"column":null}},"7":{"start":{"line":10,"column":35},"end":{"line":18,"column":null}},"8":{"start":{"line":19,"column":4},"end":{"line":24,"column":null}},"9":{"start":{"line":20,"column":6},"end":{"line":23,"column":null}},"10":{"start":{"line":25,"column":4},"end":{"line":32,"column":null}},"11":{"start":{"line":26,"column":6},"end":{"line":31,"column":null}},"12":{"start":{"line":27,"column":8},"end":{"line":30,"column":null}},"13":{"start":{"line":33,"column":4},"end":{"line":33,"column":null}},"14":{"start":{"line":35,"column":20},"end":{"line":37,"column":1}},"15":{"start":{"line":36,"column":4},"end":{"line":36,"column":null}},"16":{"start":{"line":38,"column":16},"end":{"line":40,"column":1}},"17":{"start":{"line":39,"column":4},"end":{"line":39,"column":null}},"18":{"start":{"line":42,"column":26},"end":{"line":67,"column":1}},"19":{"start":{"line":43,"column":14},"end":{"line":43,"column":30}},"20":{"start":{"line":44,"column":17},"end":{"line":44,"column":27}},"21":{"start":{"line":45,"column":28},"end":{"line":48,"column":null}},"22":{"start":{"line":49,"column":4},"end":{"line":55,"column":null}},"23":{"start":{"line":50,"column":8},"end":{"line":50,"column":null}},"24":{"start":{"line":51,"column":8},"end":{"line":51,"column":null}},"25":{"start":{"line":53,"column":8},"end":{"line":53,"column":null}},"26":{"start":{"line":54,"column":8},"end":{"line":54,"column":null}},"27":{"start":{"line":56,"column":20},"end":{"line":56,"column":43}},"28":{"start":{"line":57,"column":4},"end":{"line":64,"column":null}},"29":{"start":{"line":58,"column":8},"end":{"line":58,"column":null}},"30":{"start":{"line":59,"column":8},"end":{"line":59,"column":null}},"31":{"start":{"line":60,"column":8},"end":{"line":63,"column":null}},"32":{"start":{"line":61,"column":12},"end":{"line":61,"column":null}},"33":{"start":{"line":62,"column":12},"end":{"line":62,"column":null}},"34":{"start":{"line":65,"column":4},"end":{"line":65,"column":null}},"35":{"start":{"line":66,"column":4},"end":{"line":66,"column":null}},"36":{"start":{"line":42,"column":13},"end":{"line":42,"column":26}},"37":{"start":{"line":69,"column":28},"end":{"line":72,"column":1}},"38":{"start":{"line":70,"column":14},"end":{"line":70,"column":30}},"39":{"start":{"line":71,"column":4},"end":{"line":71,"column":null}},"40":{"start":{"line":69,"column":13},"end":{"line":69,"column":28}},"41":{"start":{"line":73,"column":25},"end":{"line":75,"column":1}},"42":{"start":{"line":74,"column":4},"end":{"line":74,"column":null}},"43":{"start":{"line":73,"column":13},"end":{"line":73,"column":25}},"44":{"start":{"line":76,"column":34},"end":{"line":78,"column":1}},"45":{"start":{"line":77,"column":4},"end":{"line":77,"column":null}},"46":{"start":{"line":76,"column":13},"end":{"line":76,"column":34}}},"fnMap":{"0":{"name":"(anonymous_0)","decl":{"start":{"line":5,"column":19},"end":{"line":5,"column":20}},"loc":{"start":{"line":5,"column":68},"end":{"line":34,"column":1}}},"1":{"name":"(anonymous_1)","decl":{"start":{"line":35,"column":20},"end":{"line":35,"column":21}},"loc":{"start":{"line":35,"column":31},"end":{"line":37,"column":1}}},"2":{"name":"(anonymous_2)","decl":{"start":{"line":38,"column":16},"end":{"line":38,"column":17}},"loc":{"start":{"line":38,"column":29},"end":{"line":40,"column":1}}},"3":{"name":"(anonymous_3)","decl":{"start":{"line":42,"column":26},"end":{"line":42,"column":27}},"loc":{"start":{"line":42,"column":55},"end":{"line":67,"column":1}}},"4":{"name":"(anonymous_4)","decl":{"start":{"line":69,"column":28},"end":{"line":69,"column":29}},"loc":{"start":{"line":69,"column":57},"end":{"line":72,"column":1}}},"5":{"name":"(anonymous_5)","decl":{"start":{"line":73,"column":25},"end":{"line":73,"column":26}},"loc":{"start":{"line":73,"column":54},"end":{"line":75,"column":1}}},"6":{"name":"(anonymous_6)","decl":{"start":{"line":76,"column":34},"end":{"line":76,"column":35}},"loc":{"start":{"line":76,"column":63},"end":{"line":78,"column":1}}}},"branchMap":{"0":{"loc":{"start":{"line":5,"column":50},"end":{"line":5,"column":null}},"type":"if","locations":[{"start":{"line":5,"column":50},"end":{"line":5,"column":null}},{"start":{"line":5,"column":50},"end":{"line":5,"column":null}}]},"1":{"loc":{"start":{"line":7,"column":4},"end":{"line":9,"column":null}},"type":"if","locations":[{"start":{"line":7,"column":4},"end":{"line":9,"column":null}},{"start":{"line":7,"column":4},"end":{"line":9,"column":null}}]},"2":{"loc":{"start":{"line":19,"column":4},"end":{"line":24,"column":null}},"type":"if","locations":[{"start":{"line":19,"column":4},"end":{"line":24,"column":null}},{"start":{"line":19,"column":4},"end":{"line":24,"column":null}}]},"3":{"loc":{"start":{"line":26,"column":6},"end":{"line":31,"column":null}},"type":"if","locations":[{"start":{"line":26,"column":6},"end":{"line":31,"column":null}},{"start":{"line":26,"column":6},"end":{"line":31,"column":null}}]},"4":{"loc":{"start":{"line":29,"column":35},"end":{"line":29,"column":39}},"type":"cond-expr","locations":[{"start":{"line":29,"column":35},"end":{"line":29,"column":39}},{"start":{"line":29,"column":42},"end":{"line":29,"column":82}}]},"5":{"loc":{"start":{"line":36,"column":11},"end":{"line":36,"column":31}},"type":"binary-expr","locations":[{"start":{"line":36,"column":11},"end":{"line":36,"column":31}},{"start":{"line":36,"column":35},"end":{"line":36,"column":57}}]},"6":{"loc":{"start":{"line":49,"column":4},"end":{"line":55,"column":null}},"type":"if","locations":[{"start":{"line":49,"column":4},"end":{"line":55,"column":null}},{"start":{"line":49,"column":4},"end":{"line":55,"column":null}}]},"7":{"loc":{"start":{"line":57,"column":4},"end":{"line":64,"column":null}},"type":"if","locations":[{"start":{"line":57,"column":4},"end":{"line":64,"column":null}},{"start":{"line":57,"column":4},"end":{"line":64,"column":null}}]},"8":{"loc":{"start":{"line":60,"column":8},"end":{"line":63,"column":null}},"type":"if","locations":[{"start":{"line":60,"column":8},"end":{"line":63,"column":null}},{"start":{"line":60,"column":8},"end":{"line":63,"column":null}}]},"9":{"loc":{"start":{"line":71,"column":11},"end":{"line":71,"column":26}},"type":"binary-expr","locations":[{"start":{"line":71,"column":11},"end":{"line":71,"column":26}},{"start":{"line":71,"column":30},"end":{"line":71,"column":45}}]}},"s":{"0":1,"1":1,"2":1,"3":18,"4":9,"5":9,"6":0,"7":9,"8":9,"9":9,"10":9,"11":63,"12":18,"13":9,"14":1,"15":9,"16":1,"17":9,"18":1,"19":9,"20":9,"21":9,"22":9,"23":3,"24":3,"25":6,"26":6,"27":9,"28":9,"29":3,"30":3,"31":3,"32":1,"33":1,"34":9,"35":9,"36":1,"37":1,"38":3,"39":3,"40":1,"41":1,"42":2,"43":1,"44":1,"45":2,"46":1},"f":{"0":9,"1":9,"2":9,"3":9,"4":3,"5":2,"6":2},"b":{"0":[9,0],"1":[0,9],"2":[9,0],"3":[18,45],"4":[0,18],"5":[9,9],"6":[3,6],"7":[3,6],"8":[1,2],"9":[3,2]}}
}
