TN:
SF:src/holidays-data.ts
FN:1,(anonymous_0)
FN:15,(anonymous_1)
FN:17,HolidaysData
FN:22,(anonymous_3)
FN:23,(anonymous_4)
FNF:5
FNH:5
FNDA:1,(anonymous_0)
FNDA:1,(anonymous_1)
FNDA:1,HolidaysData
FNDA:9,(anonymous_3)
FNDA:527,(anonymous_4)
DA:1,1
DA:2,1
DA:3,1
DA:4,1
DA:5,1
DA:15,1
DA:16,1
DA:18,1
DA:19,1
DA:22,1
DA:23,527
DA:25,1
DA:26,1
LF:13
LH:13
BRDA:1,0,0,1
BRDA:1,0,1,1
BRDA:18,1,0,1
BRDA:18,1,1,0
BRF:4
BRH:3
end_of_record
TN:
SF:src/index.ts
FNF:0
FNH:0
DA:1,1
DA:2,1
DA:3,1
LF:3
LH:3
BRF:0
BRH:0
end_of_record
TN:
SF:src/util.ts
FN:5,(anonymous_0)
FN:35,(anonymous_1)
FN:38,(anonymous_2)
FN:42,(anonymous_3)
FN:69,(anonymous_4)
FN:73,(anonymous_5)
FN:76,(anonymous_6)
FNF:7
FNH:7
FNDA:9,(anonymous_0)
FNDA:9,(anonymous_1)
FNDA:9,(anonymous_2)
FNDA:9,(anonymous_3)
FNDA:3,(anonymous_4)
FNDA:2,(anonymous_5)
FNDA:2,(anonymous_6)
DA:1,1
DA:3,1
DA:5,18
DA:6,9
DA:7,9
DA:8,0
DA:10,9
DA:19,9
DA:20,9
DA:25,9
DA:26,63
DA:27,18
DA:33,9
DA:35,1
DA:36,9
DA:38,1
DA:39,9
DA:42,1
DA:43,9
DA:44,9
DA:45,9
DA:49,9
DA:50,3
DA:51,3
DA:53,6
DA:54,6
DA:56,9
DA:57,9
DA:58,3
DA:59,3
DA:60,3
DA:61,1
DA:62,1
DA:65,9
DA:66,9
DA:69,1
DA:70,3
DA:71,3
DA:73,1
DA:74,2
DA:76,1
DA:77,2
LF:42
LH:41
BRDA:5,0,0,9
BRDA:5,0,1,0
BRDA:7,1,0,0
BRDA:7,1,1,9
BRDA:19,2,0,9
BRDA:19,2,1,0
BRDA:26,3,0,18
BRDA:26,3,1,45
BRDA:29,4,0,0
BRDA:29,4,1,18
BRDA:36,5,0,9
BRDA:36,5,1,9
BRDA:49,6,0,3
BRDA:49,6,1,6
BRDA:57,7,0,3
BRDA:57,7,1,6
BRDA:60,8,0,1
BRDA:60,8,1,2
BRDA:71,9,0,3
BRDA:71,9,1,2
BRF:20
BRH:16
end_of_record
